<?xml version="1.0" encoding="UTF-8"?>
<testng-results total="1" passed="1" failed="0" skipped="0">
  <reporter-output>
  </reporter-output>
  <suite started-at="2019-05-21T04:14:53Z" name="Test Suite" finished-at="2019-05-21T04:14:54Z" duration-ms="135">
    <groups>
    </groups>
    <test started-at="2019-05-21T04:14:53Z" name="Home page Test" finished-at="2019-05-21T04:14:54Z" duration-ms="135">
      <class name="Test.HomePageTest">
        <test-method is-config="true" signature="setUp()[pri:0, instance:Test.HomePageTest@55fe41ea]" started-at="2019-05-20T23:14:44Z" name="setUp" finished-at="2019-05-20T23:14:53Z" duration-ms="9635" status="PASS">
          <reporter-output>
          </reporter-output>
        </test-method> <!-- setUp -->
        <test-method signature="titleTest()[pri:0, instance:Test.HomePageTest@55fe41ea]" started-at="2019-05-20T23:14:53Z" name="titleTest" finished-at="2019-05-20T23:14:54Z" duration-ms="104" status="PASS">
          <reporter-output>
          </reporter-output>
        </test-method> <!-- titleTest -->
        <test-method is-config="true" signature="tearDown()[pri:0, instance:Test.HomePageTest@55fe41ea]" started-at="2019-05-20T23:14:54Z" name="tearDown" finished-at="2019-05-20T23:14:54Z" duration-ms="783" status="PASS">
          <reporter-output>
          </reporter-output>
        </test-method> <!-- tearDown -->
      </class> <!-- Test.HomePageTest -->
    </test> <!-- Home page Test -->
  </suite> <!-- Test Suite -->
</testng-results>
